 Welcome to DensityTool v0.2 !
 Created by Lucas Lodeiro and Tomáš Rauch.

 About questions, suggestions or errors within the program or the manual:
 lucas.lodeiro@ug.uchile.cl
 tomas.rauch@uni-jena.de

 The FORTRAN code, input parameter file, manual and application examples can be
 found at:  https://github.com/llodeiro/DensityTool


 Enter SIGMA value in eV, for gaussian broadening (0.02 Ry = 0.272113961 eV):

 Enter EMIN value in eV, minimum energy grid value to computate local functions
 (EMAX > EMIN):

 Enter EMAX value in eV, maximum energy grid value to computate local functions
 (EMAX > EMIN):

 Enter NEN value (Integer), number of energy grid points between the minimum
 and maximum energy (10 to 100 per eV):

 Enter ETHR value, energy threshold for smearing contribution cutoff
 (0.001 is the standard):

 Enter SPINCASE value (1,2 or 3), non-magnetic, collinear magnetic and non-
 collinear cases:

 Enter DIRECTION value (1,2 or 3), for r1,r2 or r3 (r_i) averaging direction:

 Enter DOPCA logical value (T or F), to do (or not) the partial charge average
 over the plane (r_j,r_k) (PCA):

 Enter DOPSA logical value (T or F), to do (or not) the partial spin average
 over the plane (r_j,r_k) (PSA):

 Enter DOLDOS logical value (T or F), to do (or not) the LDOS(E,r_i), previous
 "PCA" calculation is mandatory:

 Enter DOLDOSFULL logical value (T or F), to do (or not) the LDOS(E,r),
 previous "PCA" calculation is not mandatory:

 Enter DOLSDOS logical value (T or F), to do (or not) the LSDOS(E,r_i),
 previous "PSA" calculation is mandatory:

 Enter DOLSDOSFULL logical value (T or F), to do (or not) the LSDOS(E,r),
 previous "PSA" calculation is not mandatory:

 Enter DOPARCHGSPIN logical value (T or F), to do (or not) the Alpha and Beta
 partial densities and "PCA" for each spin density:

 Enter DOCHGCARSPIN logical value (T or F), to do (or not) the Alpha and Beta
 total densities and "PCA" for each spin density:

 Enter DOCHGCARAVG logical value (T or F), to do (or not) charge and spin
 magnetization average:

 Enter DOLDOSMAG logical value (T or F), to do (or not) the LDOS(E,r_i),
 previous "PARCHGSPIN" calculation is mandatory:

 Enter DOLDOSFULLMAG logical value (T or F), to do (or not) the LDOS(E,r),
 previous "PARCHGSPIN" calculation is mandatory:

 Enter DOLSDOSMAG logical value (T or F), to do (or not) the LSDOS(E,r_i),
 previous "PARCHGSPIN" calculation is mandatory:

 Enter DOLSDOSFULLMAG logical value (T or F), to do (or not) the LSDOS(E,r),
 previous "PARCHGSPIN" calculation is mandatory:


 The selected variable values are:
 SIGMA          =   0.100000001    
 EMIN           =    8.00000000    
 EMAX           =    15.0000000    
 NEN            =           50
 ETHR           =    1.00000005E-03
 SPINCASE       =            3
 DIRECTION      =            3
 DOPCA          =  T
 DOPSA          =  F
 DOLDOS         =  T
 DOLDOSFULL     =  F
 DOLSDOS        =  F
 DOLSDOSFULL    =  F
 DOPARCHGSPIN   =  F
 DOCHGCARSPIN   =  F
 DOCHGCARAVG    =  F
 DOLDOSMAG      =  F
 DOLDOSFULLMAG  =  F
 DOLSDOSMAG     =  F
 DOLSDOSFULLMAG =  F


 Reading EIGENVAL


 Reading CHGCAR
 VOLUME =    306.271027     bohr³


 PCA activated.
 Reading: PARCHG.0027.0001
 Reading: PARCHG.0028.0001
 Reading: PARCHG.0029.0001
 Reading: PARCHG.0030.0001
 Reading: PARCHG.0031.0001
 Reading: PARCHG.0032.0001
 Reading: PARCHG.0033.0001
 Reading: PARCHG.0034.0001
 Reading: PARCHG.0035.0001
 Reading: PARCHG.0036.0001
 Reading: PARCHG.0037.0001
 Reading: PARCHG.0038.0001
 Reading: PARCHG.0039.0001
 Reading: PARCHG.0040.0001
 Reading: PARCHG.0041.0001
 Reading: PARCHG.0042.0001
 Reading: PARCHG.0043.0001
 Reading: PARCHG.0044.0001


 LDOS activated.
 Threshold Cutoff=   3.98942269E-03
 Format: Reading "file name"
         "Smearing value", "Eigen-energy", "Energy"
         Is smearing value > Threshold Cutoff? YES or NO (not printed)
 Reading: PARCHG.0027.0001.R3
   0.00000000       9.71720314       8.00000000    
 Reading: PARCHG.0028.0001.R3
   0.00000000       9.71720600       8.00000000    
 Reading: PARCHG.0029.0001.R3
   0.00000000       9.73072243       8.00000000    
 Reading: PARCHG.0030.0001.R3
   0.00000000       9.73072720       8.00000000    
 Reading: PARCHG.0031.0001.R3
   0.00000000       9.73073006       8.00000000    
 Reading: PARCHG.0032.0001.R3
   0.00000000       9.73073387       8.00000000    
 Reading: PARCHG.0033.0001.R3
   0.00000000       14.4845572       8.00000000    
 Reading: PARCHG.0034.0001.R3
   0.00000000       14.4845572       8.00000000    
 Reading: PARCHG.0035.0001.R3
   0.00000000       14.4845572       8.00000000    
 Reading: PARCHG.0036.0001.R3
   0.00000000       14.4845581       8.00000000    
 Reading: PARCHG.0037.0001.R3
   0.00000000       14.4845581       8.00000000    
 Reading: PARCHG.0038.0001.R3
   0.00000000       14.4845581       8.00000000    
 Reading: PARCHG.0039.0001.R3
   0.00000000       14.4845867       8.00000000    
 Reading: PARCHG.0040.0001.R3
   0.00000000       14.4845867       8.00000000    
 Reading: PARCHG.0041.0001.R3
   0.00000000       14.4845867       8.00000000    
 Reading: PARCHG.0042.0001.R3
   0.00000000       14.4845867       8.00000000    
 Reading: PARCHG.0043.0001.R3
   0.00000000       14.4845867       8.00000000    
 Reading: PARCHG.0044.0001.R3
   0.00000000       14.4845867       8.00000000    
 Reading: PARCHG.0027.0001.R3
   0.00000000       9.71720314       8.14000034    
 Reading: PARCHG.0028.0001.R3
   0.00000000       9.71720600       8.14000034    
 Reading: PARCHG.0029.0001.R3
   0.00000000       9.73072243       8.14000034    
 Reading: PARCHG.0030.0001.R3
   0.00000000       9.73072720       8.14000034    
 Reading: PARCHG.0031.0001.R3
   0.00000000       9.73073006       8.14000034    
 Reading: PARCHG.0032.0001.R3
   0.00000000       9.73073387       8.14000034    
 Reading: PARCHG.0033.0001.R3
   0.00000000       14.4845572       8.14000034    
 Reading: PARCHG.0034.0001.R3
   0.00000000       14.4845572       8.14000034    
 Reading: PARCHG.0035.0001.R3
   0.00000000       14.4845572       8.14000034    
 Reading: PARCHG.0036.0001.R3
   0.00000000       14.4845581       8.14000034    
 Reading: PARCHG.0037.0001.R3
   0.00000000       14.4845581       8.14000034    
 Reading: PARCHG.0038.0001.R3
   0.00000000       14.4845581       8.14000034    
 Reading: PARCHG.0039.0001.R3
   0.00000000       14.4845867       8.14000034    
 Reading: PARCHG.0040.0001.R3
   0.00000000       14.4845867       8.14000034    
 Reading: PARCHG.0041.0001.R3
   0.00000000       14.4845867       8.14000034    
 Reading: PARCHG.0042.0001.R3
   0.00000000       14.4845867       8.14000034    
 Reading: PARCHG.0043.0001.R3
   0.00000000       14.4845867       8.14000034    
 Reading: PARCHG.0044.0001.R3
   0.00000000       14.4845867       8.14000034    
 Reading: PARCHG.0027.0001.R3
   5.60519386E-45   9.71720314       8.27999973    
 Reading: PARCHG.0028.0001.R3
   5.60519386E-45   9.71720600       8.27999973    
 Reading: PARCHG.0029.0001.R3
   0.00000000       9.73072243       8.27999973    
 Reading: PARCHG.0030.0001.R3
   0.00000000       9.73072720       8.27999973    
 Reading: PARCHG.0031.0001.R3
   0.00000000       9.73073006       8.27999973    
 Reading: PARCHG.0032.0001.R3
   0.00000000       9.73073387       8.27999973    
 Reading: PARCHG.0033.0001.R3
   0.00000000       14.4845572       8.27999973    
 Reading: PARCHG.0034.0001.R3
   0.00000000       14.4845572       8.27999973    
 Reading: PARCHG.0035.0001.R3
   0.00000000       14.4845572       8.27999973    
 Reading: PARCHG.0036.0001.R3
   0.00000000       14.4845581       8.27999973    
 Reading: PARCHG.0037.0001.R3
   0.00000000       14.4845581       8.27999973    
 Reading: PARCHG.0038.0001.R3
   0.00000000       14.4845581       8.27999973    
 Reading: PARCHG.0039.0001.R3
   0.00000000       14.4845867       8.27999973    
 Reading: PARCHG.0040.0001.R3
   0.00000000       14.4845867       8.27999973    
 Reading: PARCHG.0041.0001.R3
   0.00000000       14.4845867       8.27999973    
 Reading: PARCHG.0042.0001.R3
   0.00000000       14.4845867       8.27999973    
 Reading: PARCHG.0043.0001.R3
   0.00000000       14.4845867       8.27999973    
 Reading: PARCHG.0044.0001.R3
   0.00000000       14.4845867       8.27999973    
 Reading: PARCHG.0027.0001.R3
   1.15018721E-36   9.71720314       8.42000008    
 Reading: PARCHG.0028.0001.R3
   1.14976606E-36   9.71720600       8.42000008    
 Reading: PARCHG.0029.0001.R3
   1.97318047E-37   9.73072243       8.42000008    
 Reading: PARCHG.0030.0001.R3
   1.97196146E-37   9.73072720       8.42000008    
 Reading: PARCHG.0031.0001.R3
   1.97120924E-37   9.73073006       8.42000008    
 Reading: PARCHG.0032.0001.R3
   1.97023214E-37   9.73073387       8.42000008    
 Reading: PARCHG.0033.0001.R3
   0.00000000       14.4845572       8.42000008    
 Reading: PARCHG.0034.0001.R3
   0.00000000       14.4845572       8.42000008    
 Reading: PARCHG.0035.0001.R3
   0.00000000       14.4845572       8.42000008    
 Reading: PARCHG.0036.0001.R3
   0.00000000       14.4845581       8.42000008    
 Reading: PARCHG.0037.0001.R3
   0.00000000       14.4845581       8.42000008    
 Reading: PARCHG.0038.0001.R3
   0.00000000       14.4845581       8.42000008    
 Reading: PARCHG.0039.0001.R3
   0.00000000       14.4845867       8.42000008    
 Reading: PARCHG.0040.0001.R3
   0.00000000       14.4845867       8.42000008    
 Reading: PARCHG.0041.0001.R3
   0.00000000       14.4845867       8.42000008    
 Reading: PARCHG.0042.0001.R3
   0.00000000       14.4845867       8.42000008    
 Reading: PARCHG.0043.0001.R3
   0.00000000       14.4845867       8.42000008    
 Reading: PARCHG.0044.0001.R3
   0.00000000       14.4845867       8.42000008    
 Reading: PARCHG.0027.0001.R3
   3.32913993E-29   9.71720314       8.56000042    
 Reading: PARCHG.0028.0001.R3
   3.32802199E-29   9.71720600       8.56000042    
 Reading: PARCHG.0029.0001.R3
   6.90127354E-30   9.73072243       8.56000042    
 Reading: PARCHG.0030.0001.R3
   6.89743071E-30   9.73072720       8.56000042    
 Reading: PARCHG.0031.0001.R3
   6.89511508E-30   9.73073006       8.56000042    
 Reading: PARCHG.0032.0001.R3
   6.89201253E-30   9.73073387       8.56000042    
 Reading: PARCHG.0033.0001.R3
   0.00000000       14.4845572       8.56000042    
 Reading: PARCHG.0034.0001.R3
   0.00000000       14.4845572       8.56000042    
 Reading: PARCHG.0035.0001.R3
   0.00000000       14.4845572       8.56000042    
 Reading: PARCHG.0036.0001.R3
   0.00000000       14.4845581       8.56000042    
 Reading: PARCHG.0037.0001.R3
   0.00000000       14.4845581       8.56000042    
 Reading: PARCHG.0038.0001.R3
   0.00000000       14.4845581       8.56000042    
 Reading: PARCHG.0039.0001.R3
   0.00000000       14.4845867       8.56000042    
 Reading: PARCHG.0040.0001.R3
   0.00000000       14.4845867       8.56000042    
 Reading: PARCHG.0041.0001.R3
   0.00000000       14.4845867       8.56000042    
 Reading: PARCHG.0042.0001.R3
   0.00000000       14.4845867       8.56000042    
 Reading: PARCHG.0043.0001.R3
   0.00000000       14.4845867       8.56000042    
 Reading: PARCHG.0044.0001.R3
   0.00000000       14.4845867       8.56000042    
 Reading: PARCHG.0027.0001.R3
   1.35715378E-22   9.71720314       8.69999981    
 Reading: PARCHG.0028.0001.R3
   1.35676553E-22   9.71720600       8.69999981    
 Reading: PARCHG.0029.0001.R3
   3.39957935E-23   9.73072243       8.69999981    
 Reading: PARCHG.0030.0001.R3
   3.39791990E-23   9.73072720       8.69999981    
 Reading: PARCHG.0031.0001.R3
   3.39690890E-23   9.73073006       8.69999981    
 Reading: PARCHG.0032.0001.R3
   3.39557446E-23   9.73073387       8.69999981    
 Reading: PARCHG.0033.0001.R3
   0.00000000       14.4845572       8.69999981    
 Reading: PARCHG.0034.0001.R3
   0.00000000       14.4845572       8.69999981    
 Reading: PARCHG.0035.0001.R3
   0.00000000       14.4845572       8.69999981    
 Reading: PARCHG.0036.0001.R3
   0.00000000       14.4845581       8.69999981    
 Reading: PARCHG.0037.0001.R3
   0.00000000       14.4845581       8.69999981    
 Reading: PARCHG.0038.0001.R3
   0.00000000       14.4845581       8.69999981    
 Reading: PARCHG.0039.0001.R3
   0.00000000       14.4845867       8.69999981    
 Reading: PARCHG.0040.0001.R3
   0.00000000       14.4845867       8.69999981    
 Reading: PARCHG.0041.0001.R3
   0.00000000       14.4845867       8.69999981    
 Reading: PARCHG.0042.0001.R3
   0.00000000       14.4845867       8.69999981    
 Reading: PARCHG.0043.0001.R3
   0.00000000       14.4845867       8.69999981    
 Reading: PARCHG.0044.0001.R3
   0.00000000       14.4845867       8.69999981    
 Reading: PARCHG.0027.0001.R3
   7.79391543E-17   9.71720314       8.84000015    
 Reading: PARCHG.0028.0001.R3
   7.79195336E-17   9.71720600       8.84000015    
 Reading: PARCHG.0029.0001.R3
   2.35912374E-17   9.73072243       8.84000015    
 Reading: PARCHG.0030.0001.R3
   2.35811607E-17   9.73072720       8.84000015    
 Reading: PARCHG.0031.0001.R3
   2.35752248E-17   9.73073006       8.84000015    
 Reading: PARCHG.0032.0001.R3
   2.35671317E-17   9.73073387       8.84000015    
 Reading: PARCHG.0033.0001.R3
   0.00000000       14.4845572       8.84000015    
 Reading: PARCHG.0034.0001.R3
   0.00000000       14.4845572       8.84000015    
 Reading: PARCHG.0035.0001.R3
   0.00000000       14.4845572       8.84000015    
 Reading: PARCHG.0036.0001.R3
   0.00000000       14.4845581       8.84000015    
 Reading: PARCHG.0037.0001.R3
   0.00000000       14.4845581       8.84000015    
 Reading: PARCHG.0038.0001.R3
   0.00000000       14.4845581       8.84000015    
 Reading: PARCHG.0039.0001.R3
   0.00000000       14.4845867       8.84000015    
 Reading: PARCHG.0040.0001.R3
   0.00000000       14.4845867       8.84000015    
 Reading: PARCHG.0041.0001.R3
   0.00000000       14.4845867       8.84000015    
 Reading: PARCHG.0042.0001.R3
   0.00000000       14.4845867       8.84000015    
 Reading: PARCHG.0043.0001.R3
   0.00000000       14.4845867       8.84000015    
 Reading: PARCHG.0044.0001.R3
   0.00000000       14.4845867       8.84000015    
 Reading: PARCHG.0027.0001.R3
   6.30418764E-12   9.71720314       8.97999954    
 Reading: PARCHG.0028.0001.R3
   6.30285277E-12   9.71720600       8.97999954    
 Reading: PARCHG.0029.0001.R3
   2.30579900E-12   9.73072243       8.97999954    
 Reading: PARCHG.0030.0001.R3
   2.30497219E-12   9.73072720       8.97999954    
 Reading: PARCHG.0031.0001.R3
   2.30447996E-12   9.73073006       8.97999954    
 Reading: PARCHG.0032.0001.R3
   2.30382076E-12   9.73073387       8.97999954    
 Reading: PARCHG.0033.0001.R3
   0.00000000       14.4845572       8.97999954    
 Reading: PARCHG.0034.0001.R3
   0.00000000       14.4845572       8.97999954    
 Reading: PARCHG.0035.0001.R3
   0.00000000       14.4845572       8.97999954    
 Reading: PARCHG.0036.0001.R3
   0.00000000       14.4845581       8.97999954    
 Reading: PARCHG.0037.0001.R3
   0.00000000       14.4845581       8.97999954    
 Reading: PARCHG.0038.0001.R3
   0.00000000       14.4845581       8.97999954    
 Reading: PARCHG.0039.0001.R3
   0.00000000       14.4845867       8.97999954    
 Reading: PARCHG.0040.0001.R3
   0.00000000       14.4845867       8.97999954    
 Reading: PARCHG.0041.0001.R3
   0.00000000       14.4845867       8.97999954    
 Reading: PARCHG.0042.0001.R3
   0.00000000       14.4845867       8.97999954    
 Reading: PARCHG.0043.0001.R3
   0.00000000       14.4845867       8.97999954    
 Reading: PARCHG.0044.0001.R3
   0.00000000       14.4845867       8.97999954    
 Reading: PARCHG.0027.0001.R3
   7.18318915E-08   9.71720314       9.11999989    
 Reading: PARCHG.0028.0001.R3
   7.18195565E-08   9.71720600       9.11999989    
 Reading: PARCHG.0029.0001.R3
   3.17474864E-08   9.73072243       9.11999989    
 Reading: PARCHG.0030.0001.R3
   3.17382209E-08   9.73072720       9.11999989    
 Reading: PARCHG.0031.0001.R3
   3.17326538E-08   9.73073006       9.11999989    
 Reading: PARCHG.0032.0001.R3
   3.17252713E-08   9.73073387       9.11999989    
 Reading: PARCHG.0033.0001.R3
   0.00000000       14.4845572       9.11999989    
 Reading: PARCHG.0034.0001.R3
   0.00000000       14.4845572       9.11999989    
 Reading: PARCHG.0035.0001.R3
   0.00000000       14.4845572       9.11999989    
 Reading: PARCHG.0036.0001.R3
   0.00000000       14.4845581       9.11999989    
 Reading: PARCHG.0037.0001.R3
   0.00000000       14.4845581       9.11999989    
 Reading: PARCHG.0038.0001.R3
   0.00000000       14.4845581       9.11999989    
 Reading: PARCHG.0039.0001.R3
   0.00000000       14.4845867       9.11999989    
 Reading: PARCHG.0040.0001.R3
   0.00000000       14.4845867       9.11999989    
 Reading: PARCHG.0041.0001.R3
   0.00000000       14.4845867       9.11999989    
 Reading: PARCHG.0042.0001.R3
   0.00000000       14.4845867       9.11999989    
 Reading: PARCHG.0043.0001.R3
   0.00000000       14.4845867       9.11999989    
 Reading: PARCHG.0044.0001.R3
   0.00000000       14.4845867       9.11999989    
 Reading: PARCHG.0027.0001.R3
   1.15288000E-04   9.71720314       9.26000023    
 Reading: PARCHG.0028.0001.R3
   1.15272822E-04   9.71720600       9.26000023    
 Reading: PARCHG.0029.0001.R3
   6.15708414E-05   9.73072243       9.26000023    
 Reading: PARCHG.0030.0001.R3
   6.15570461E-05   9.73072720       9.26000023    
 Reading: PARCHG.0031.0001.R3
   6.15487661E-05   9.73073006       9.26000023    
 Reading: PARCHG.0032.0001.R3
   6.15377357E-05   9.73073387       9.26000023    
 Reading: PARCHG.0033.0001.R3
   0.00000000       14.4845572       9.26000023    
 Reading: PARCHG.0034.0001.R3
   0.00000000       14.4845572       9.26000023    
 Reading: PARCHG.0035.0001.R3
   0.00000000       14.4845572       9.26000023    
 Reading: PARCHG.0036.0001.R3
   0.00000000       14.4845581       9.26000023    
 Reading: PARCHG.0037.0001.R3
   0.00000000       14.4845581       9.26000023    
 Reading: PARCHG.0038.0001.R3
   0.00000000       14.4845581       9.26000023    
 Reading: PARCHG.0039.0001.R3
   0.00000000       14.4845867       9.26000023    
 Reading: PARCHG.0040.0001.R3
   0.00000000       14.4845867       9.26000023    
 Reading: PARCHG.0041.0001.R3
   0.00000000       14.4845867       9.26000023    
 Reading: PARCHG.0042.0001.R3
   0.00000000       14.4845867       9.26000023    
 Reading: PARCHG.0043.0001.R3
   0.00000000       14.4845867       9.26000023    
 Reading: PARCHG.0044.0001.R3
   0.00000000       14.4845867       9.26000023    
 Reading: PARCHG.0027.0001.R3
   2.60625295E-02   9.71720314       9.39999962    
 YES
 Reading: PARCHG.0028.0001.R3
   2.60601677E-02   9.71720600       9.39999962    
 YES
 Reading: PARCHG.0029.0001.R3
   1.68192349E-02   9.73072243       9.39999962    
 YES
 Reading: PARCHG.0030.0001.R3
   1.68165900E-02   9.73072720       9.39999962    
 YES
 Reading: PARCHG.0031.0001.R3
   1.68150011E-02   9.73073006       9.39999962    
 YES
 Reading: PARCHG.0032.0001.R3
   1.68128759E-02   9.73073387       9.39999962    
 YES
 Reading: PARCHG.0033.0001.R3
   0.00000000       14.4845572       9.39999962    
 Reading: PARCHG.0034.0001.R3
   0.00000000       14.4845572       9.39999962    
 Reading: PARCHG.0035.0001.R3
   0.00000000       14.4845572       9.39999962    
 Reading: PARCHG.0036.0001.R3
   0.00000000       14.4845581       9.39999962    
 Reading: PARCHG.0037.0001.R3
   0.00000000       14.4845581       9.39999962    
 Reading: PARCHG.0038.0001.R3
   0.00000000       14.4845581       9.39999962    
 Reading: PARCHG.0039.0001.R3
   0.00000000       14.4845867       9.39999962    
 Reading: PARCHG.0040.0001.R3
   0.00000000       14.4845867       9.39999962    
 Reading: PARCHG.0041.0001.R3
   0.00000000       14.4845867       9.39999962    
 Reading: PARCHG.0042.0001.R3
   0.00000000       14.4845867       9.39999962    
 Reading: PARCHG.0043.0001.R3
   0.00000000       14.4845867       9.39999962    
 Reading: PARCHG.0044.0001.R3
   0.00000000       14.4845867       9.39999962    
 Reading: PARCHG.0027.0001.R3
  0.829940200       9.71720314       9.53999996    
 YES
 Reading: PARCHG.0028.0001.R3
  0.829898179       9.71720600       9.53999996    
 YES
 Reading: PARCHG.0029.0001.R3
  0.647195935       9.73072243       9.53999996    
 YES
 Reading: PARCHG.0030.0001.R3
  0.647136986       9.73072720       9.53999996    
 YES
 Reading: PARCHG.0031.0001.R3
  0.647101760       9.73073006       9.53999996    
 YES
 Reading: PARCHG.0032.0001.R3
  0.647054732       9.73073387       9.53999996    
 YES
 Reading: PARCHG.0033.0001.R3
   0.00000000       14.4845572       9.53999996    
 Reading: PARCHG.0034.0001.R3
   0.00000000       14.4845572       9.53999996    
 Reading: PARCHG.0035.0001.R3
   0.00000000       14.4845572       9.53999996    
 Reading: PARCHG.0036.0001.R3
   0.00000000       14.4845581       9.53999996    
 Reading: PARCHG.0037.0001.R3
   0.00000000       14.4845581       9.53999996    
 Reading: PARCHG.0038.0001.R3
   0.00000000       14.4845581       9.53999996    
 Reading: PARCHG.0039.0001.R3
   0.00000000       14.4845867       9.53999996    
 Reading: PARCHG.0040.0001.R3
   0.00000000       14.4845867       9.53999996    
 Reading: PARCHG.0041.0001.R3
   0.00000000       14.4845867       9.53999996    
 Reading: PARCHG.0042.0001.R3
   0.00000000       14.4845867       9.53999996    
 Reading: PARCHG.0043.0001.R3
   0.00000000       14.4845867       9.53999996    
 Reading: PARCHG.0044.0001.R3
   0.00000000       14.4845867       9.53999996    
 Reading: PARCHG.0027.0001.R3
   3.72268057       9.71720314       9.68000031    
 YES
 Reading: PARCHG.0028.0001.R3
   3.72264123       9.71720600       9.68000031    
 YES
 Reading: PARCHG.0029.0001.R3
   3.50787306       9.73072243       9.68000031    
 YES
 Reading: PARCHG.0030.0001.R3
   3.50778818       9.73072720       9.68000031    
 YES
 Reading: PARCHG.0031.0001.R3
   3.50773740       9.73073006       9.68000031    
 YES
 Reading: PARCHG.0032.0001.R3
   3.50766945       9.73073387       9.68000031    
 YES
 Reading: PARCHG.0033.0001.R3
   0.00000000       14.4845572       9.68000031    
 Reading: PARCHG.0034.0001.R3
   0.00000000       14.4845572       9.68000031    
 Reading: PARCHG.0035.0001.R3
   0.00000000       14.4845572       9.68000031    
 Reading: PARCHG.0036.0001.R3
   0.00000000       14.4845581       9.68000031    
 Reading: PARCHG.0037.0001.R3
   0.00000000       14.4845581       9.68000031    
 Reading: PARCHG.0038.0001.R3
   0.00000000       14.4845581       9.68000031    
 Reading: PARCHG.0039.0001.R3
   0.00000000       14.4845867       9.68000031    
 Reading: PARCHG.0040.0001.R3
   0.00000000       14.4845867       9.68000031    
 Reading: PARCHG.0041.0001.R3
   0.00000000       14.4845867       9.68000031    
 Reading: PARCHG.0042.0001.R3
   0.00000000       14.4845867       9.68000031    
 Reading: PARCHG.0043.0001.R3
   0.00000000       14.4845867       9.68000031    
 Reading: PARCHG.0044.0001.R3
   0.00000000       14.4845867       9.68000031    
 Reading: PARCHG.0027.0001.R3
   2.35205650       9.71720314       9.81999969    
 YES
 Reading: PARCHG.0028.0001.R3
   2.35212541       9.71720600       9.81999969    
 YES
 Reading: PARCHG.0029.0001.R3
   2.67814684       9.73072243       9.81999969    
 YES
 Reading: PARCHG.0030.0001.R3
   2.67826104       9.73072720       9.81999969    
 YES
 Reading: PARCHG.0031.0001.R3
   2.67832923       9.73073006       9.81999969    
 YES
 Reading: PARCHG.0032.0001.R3
   2.67842031       9.73073387       9.81999969    
 YES
 Reading: PARCHG.0033.0001.R3
   0.00000000       14.4845572       9.81999969    
 Reading: PARCHG.0034.0001.R3
   0.00000000       14.4845572       9.81999969    
 Reading: PARCHG.0035.0001.R3
   0.00000000       14.4845572       9.81999969    
 Reading: PARCHG.0036.0001.R3
   0.00000000       14.4845581       9.81999969    
 Reading: PARCHG.0037.0001.R3
   0.00000000       14.4845581       9.81999969    
 Reading: PARCHG.0038.0001.R3
   0.00000000       14.4845581       9.81999969    
 Reading: PARCHG.0039.0001.R3
   0.00000000       14.4845867       9.81999969    
 Reading: PARCHG.0040.0001.R3
   0.00000000       14.4845867       9.81999969    
 Reading: PARCHG.0041.0001.R3
   0.00000000       14.4845867       9.81999969    
 Reading: PARCHG.0042.0001.R3
   0.00000000       14.4845867       9.81999969    
 Reading: PARCHG.0043.0001.R3
   0.00000000       14.4845867       9.81999969    
 Reading: PARCHG.0044.0001.R3
   0.00000000       14.4845867       9.81999969    
 Reading: PARCHG.0027.0001.R3
  0.209324464       9.71720314       9.96000004    
 YES
 Reading: PARCHG.0028.0001.R3
  0.209338978       9.71720600       9.96000004    
 YES
 Reading: PARCHG.0029.0001.R3
  0.288008749       9.73072243       9.96000004    
 YES
 Reading: PARCHG.0030.0001.R3
  0.288040251       9.73072720       9.96000004    
 YES
 Reading: PARCHG.0031.0001.R3
  0.288059145       9.73073006       9.96000004    
 YES
 Reading: PARCHG.0032.0001.R3
  0.288084358       9.73073387       9.96000004    
 YES
 Reading: PARCHG.0033.0001.R3
   0.00000000       14.4845572       9.96000004    
 Reading: PARCHG.0034.0001.R3
   0.00000000       14.4845572       9.96000004    
 Reading: PARCHG.0035.0001.R3
   0.00000000       14.4845572       9.96000004    
 Reading: PARCHG.0036.0001.R3
   0.00000000       14.4845581       9.96000004    
 Reading: PARCHG.0037.0001.R3
   0.00000000       14.4845581       9.96000004    
 Reading: PARCHG.0038.0001.R3
   0.00000000       14.4845581       9.96000004    
 Reading: PARCHG.0039.0001.R3
   0.00000000       14.4845867       9.96000004    
 Reading: PARCHG.0040.0001.R3
   0.00000000       14.4845867       9.96000004    
 Reading: PARCHG.0041.0001.R3
   0.00000000       14.4845867       9.96000004    
 Reading: PARCHG.0042.0001.R3
   0.00000000       14.4845867       9.96000004    
 Reading: PARCHG.0043.0001.R3
   0.00000000       14.4845867       9.96000004    
 Reading: PARCHG.0044.0001.R3
   0.00000000       14.4845867       9.96000004    
 Reading: PARCHG.0027.0001.R3
   2.62404257E-03   9.71720314       10.1000004    
 Reading: PARCHG.0028.0001.R3
   2.62433058E-03   9.71720600       10.1000004    
 Reading: PARCHG.0029.0001.R3
   4.36270470E-03   9.73072243       10.1000004    
 YES
 Reading: PARCHG.0030.0001.R3
   4.36347257E-03   9.73072720       10.1000004    
 YES
 Reading: PARCHG.0031.0001.R3
   4.36393404E-03   9.73073006       10.1000004    
 YES
 Reading: PARCHG.0032.0001.R3
   4.36454825E-03   9.73073387       10.1000004    
 YES
 Reading: PARCHG.0033.0001.R3
   0.00000000       14.4845572       10.1000004    
 Reading: PARCHG.0034.0001.R3
   0.00000000       14.4845572       10.1000004    
 Reading: PARCHG.0035.0001.R3
   0.00000000       14.4845572       10.1000004    
 Reading: PARCHG.0036.0001.R3
   0.00000000       14.4845581       10.1000004    
 Reading: PARCHG.0037.0001.R3
   0.00000000       14.4845581       10.1000004    
 Reading: PARCHG.0038.0001.R3
   0.00000000       14.4845581       10.1000004    
 Reading: PARCHG.0039.0001.R3
   0.00000000       14.4845867       10.1000004    
 Reading: PARCHG.0040.0001.R3
   0.00000000       14.4845867       10.1000004    
 Reading: PARCHG.0041.0001.R3
   0.00000000       14.4845867       10.1000004    
 Reading: PARCHG.0042.0001.R3
   0.00000000       14.4845867       10.1000004    
 Reading: PARCHG.0043.0001.R3
   0.00000000       14.4845867       10.1000004    
 Reading: PARCHG.0044.0001.R3
   0.00000000       14.4845867       10.1000004    
 Reading: PARCHG.0027.0001.R3
   4.63363722E-06   9.71720314       10.2399998    
 Reading: PARCHG.0028.0001.R3
   4.63433526E-06   9.71720600       10.2399998    
 Reading: PARCHG.0029.0001.R3
   9.30905207E-06   9.73072243       10.2399998    
 Reading: PARCHG.0030.0001.R3
   9.31131581E-06   9.73072720       10.2399998    
 Reading: PARCHG.0031.0001.R3
   9.31267459E-06   9.73073006       10.2399998    
 Reading: PARCHG.0032.0001.R3
   9.31447812E-06   9.73073387       10.2399998    
 Reading: PARCHG.0033.0001.R3
   0.00000000       14.4845572       10.2399998    
 Reading: PARCHG.0034.0001.R3
   0.00000000       14.4845572       10.2399998    
 Reading: PARCHG.0035.0001.R3
   0.00000000       14.4845572       10.2399998    
 Reading: PARCHG.0036.0001.R3
   0.00000000       14.4845581       10.2399998    
 Reading: PARCHG.0037.0001.R3
   0.00000000       14.4845581       10.2399998    
 Reading: PARCHG.0038.0001.R3
   0.00000000       14.4845581       10.2399998    
 Reading: PARCHG.0039.0001.R3
   0.00000000       14.4845867       10.2399998    
 Reading: PARCHG.0040.0001.R3
   0.00000000       14.4845867       10.2399998    
 Reading: PARCHG.0041.0001.R3
   0.00000000       14.4845867       10.2399998    
 Reading: PARCHG.0042.0001.R3
   0.00000000       14.4845867       10.2399998    
 Reading: PARCHG.0043.0001.R3
   0.00000000       14.4845867       10.2399998    
 Reading: PARCHG.0044.0001.R3
   0.00000000       14.4845867       10.2399998    
 Reading: PARCHG.0027.0001.R3
   1.15248944E-09   9.71720314       10.3800001    
 Reading: PARCHG.0028.0001.R3
   1.15270693E-09   9.71720600       10.3800001    
 Reading: PARCHG.0029.0001.R3
   2.79781687E-09   9.73072243       10.3800001    
 Reading: PARCHG.0030.0001.R3
   2.79868151E-09   9.73072720       10.3800001    
 Reading: PARCHG.0031.0001.R3
   2.79919932E-09   9.73073006       10.3800001    
 Reading: PARCHG.0032.0001.R3
   2.79989365E-09   9.73073387       10.3800001    
 Reading: PARCHG.0033.0001.R3
   0.00000000       14.4845572       10.3800001    
 Reading: PARCHG.0034.0001.R3
   0.00000000       14.4845572       10.3800001    
 Reading: PARCHG.0035.0001.R3
   0.00000000       14.4845572       10.3800001    
 Reading: PARCHG.0036.0001.R3
   0.00000000       14.4845581       10.3800001    
 Reading: PARCHG.0037.0001.R3
   0.00000000       14.4845581       10.3800001    
 Reading: PARCHG.0038.0001.R3
   0.00000000       14.4845581       10.3800001    
 Reading: PARCHG.0039.0001.R3
   0.00000000       14.4845867       10.3800001    
 Reading: PARCHG.0040.0001.R3
   0.00000000       14.4845867       10.3800001    
 Reading: PARCHG.0041.0001.R3
   0.00000000       14.4845867       10.3800001    
 Reading: PARCHG.0042.0001.R3
   0.00000000       14.4845867       10.3800001    
 Reading: PARCHG.0043.0001.R3
   0.00000000       14.4845867       10.3800001    
 Reading: PARCHG.0044.0001.R3
   0.00000000       14.4845867       10.3800001    
 Reading: PARCHG.0027.0001.R3
   4.03765563E-14   9.71720314       10.5200005    
 Reading: PARCHG.0028.0001.R3
   4.03859516E-14   9.71720600       10.5200005    
 Reading: PARCHG.0029.0001.R3
   1.18443544E-13   9.73072243       10.5200005    
 Reading: PARCHG.0030.0001.R3
   1.18488051E-13   9.73072720       10.5200005    
 Reading: PARCHG.0031.0001.R3
   1.18514953E-13   9.73073006       10.5200005    
 Reading: PARCHG.0032.0001.R3
   1.18550447E-13   9.73073387       10.5200005    
 Reading: PARCHG.0033.0001.R3
   0.00000000       14.4845572       10.5200005    
 Reading: PARCHG.0034.0001.R3
   0.00000000       14.4845572       10.5200005    
 Reading: PARCHG.0035.0001.R3
   0.00000000       14.4845572       10.5200005    
 Reading: PARCHG.0036.0001.R3
   0.00000000       14.4845581       10.5200005    
 Reading: PARCHG.0037.0001.R3
   0.00000000       14.4845581       10.5200005    
 Reading: PARCHG.0038.0001.R3
   0.00000000       14.4845581       10.5200005    
 Reading: PARCHG.0039.0001.R3
   0.00000000       14.4845867       10.5200005    
 Reading: PARCHG.0040.0001.R3
   0.00000000       14.4845867       10.5200005    
 Reading: PARCHG.0041.0001.R3
   0.00000000       14.4845867       10.5200005    
 Reading: PARCHG.0042.0001.R3
   0.00000000       14.4845867       10.5200005    
 Reading: PARCHG.0043.0001.R3
   0.00000000       14.4845867       10.5200005    
 Reading: PARCHG.0044.0001.R3
   0.00000000       14.4845867       10.5200005    
 Reading: PARCHG.0027.0001.R3
   1.99268947E-19   9.71720314       10.6599998    
 Reading: PARCHG.0028.0001.R3
   1.99322933E-19   9.71720600       10.6599998    
 Reading: PARCHG.0029.0001.R3
   7.06351187E-19   9.73072243       10.6599998    
 Reading: PARCHG.0030.0001.R3
   7.06663809E-19   9.73072720       10.6599998    
 Reading: PARCHG.0031.0001.R3
   7.06852510E-19   9.73073006       10.6599998    
 Reading: PARCHG.0032.0001.R3
   7.07103353E-19   9.73073387       10.6599998    
 Reading: PARCHG.0033.0001.R3
   0.00000000       14.4845572       10.6599998    
 Reading: PARCHG.0034.0001.R3
   0.00000000       14.4845572       10.6599998    
 Reading: PARCHG.0035.0001.R3
   0.00000000       14.4845572       10.6599998    
 Reading: PARCHG.0036.0001.R3
   0.00000000       14.4845581       10.6599998    
 Reading: PARCHG.0037.0001.R3
   0.00000000       14.4845581       10.6599998    
 Reading: PARCHG.0038.0001.R3
   0.00000000       14.4845581       10.6599998    
 Reading: PARCHG.0039.0001.R3
   0.00000000       14.4845867       10.6599998    
 Reading: PARCHG.0040.0001.R3
   0.00000000       14.4845867       10.6599998    
 Reading: PARCHG.0041.0001.R3
   0.00000000       14.4845867       10.6599998    
 Reading: PARCHG.0042.0001.R3
   0.00000000       14.4845867       10.6599998    
 Reading: PARCHG.0043.0001.R3
   0.00000000       14.4845867       10.6599998    
 Reading: PARCHG.0044.0001.R3
   0.00000000       14.4845867       10.6599998    
 Reading: PARCHG.0027.0001.R3
   1.38514472E-25   9.71720314       10.8000002    
 Reading: PARCHG.0028.0001.R3
   1.38557797E-25   9.71720600       10.8000002    
 Reading: PARCHG.0029.0001.R3
   5.93303273E-25   9.73072243       10.8000002    
 Reading: PARCHG.0030.0001.R3
   5.93604371E-25   9.73072720       10.8000002    
 Reading: PARCHG.0031.0001.R3
   5.93787781E-25   9.73073006       10.8000002    
 Reading: PARCHG.0032.0001.R3
   5.94027940E-25   9.73073387       10.8000002    
 Reading: PARCHG.0033.0001.R3
   0.00000000       14.4845572       10.8000002    
 Reading: PARCHG.0034.0001.R3
   0.00000000       14.4845572       10.8000002    
 Reading: PARCHG.0035.0001.R3
   0.00000000       14.4845572       10.8000002    
 Reading: PARCHG.0036.0001.R3
   0.00000000       14.4845581       10.8000002    
 Reading: PARCHG.0037.0001.R3
   0.00000000       14.4845581       10.8000002    
 Reading: PARCHG.0038.0001.R3
   0.00000000       14.4845581       10.8000002    
 Reading: PARCHG.0039.0001.R3
   0.00000000       14.4845867       10.8000002    
 Reading: PARCHG.0040.0001.R3
   0.00000000       14.4845867       10.8000002    
 Reading: PARCHG.0041.0001.R3
   0.00000000       14.4845867       10.8000002    
 Reading: PARCHG.0042.0001.R3
   0.00000000       14.4845867       10.8000002    
 Reading: PARCHG.0043.0001.R3
   0.00000000       14.4845867       10.8000002    
 Reading: PARCHG.0044.0001.R3
   0.00000000       14.4845867       10.8000002    
 Reading: PARCHG.0027.0001.R3
   1.35622631E-32   9.71720314       10.9400005    
 Reading: PARCHG.0028.0001.R3
   1.35669210E-32   9.71720600       10.9400005    
 Reading: PARCHG.0029.0001.R3
   7.01952564E-32   9.73072243       10.9400005    
 Reading: PARCHG.0030.0001.R3
   7.02359755E-32   9.73072720       10.9400005    
 Reading: PARCHG.0031.0001.R3
   7.02600908E-32   9.73073006       10.9400005    
 Reading: PARCHG.0032.0001.R3
   7.02927931E-32   9.73073387       10.9400005    
 Reading: PARCHG.0033.0001.R3
   0.00000000       14.4845572       10.9400005    
 Reading: PARCHG.0034.0001.R3
   0.00000000       14.4845572       10.9400005    
 Reading: PARCHG.0035.0001.R3
   0.00000000       14.4845572       10.9400005    
 Reading: PARCHG.0036.0001.R3
   0.00000000       14.4845581       10.9400005    
 Reading: PARCHG.0037.0001.R3
   0.00000000       14.4845581       10.9400005    
 Reading: PARCHG.0038.0001.R3
   0.00000000       14.4845581       10.9400005    
 Reading: PARCHG.0039.0001.R3
   0.00000000       14.4845867       10.9400005    
 Reading: PARCHG.0040.0001.R3
   0.00000000       14.4845867       10.9400005    
 Reading: PARCHG.0041.0001.R3
   0.00000000       14.4845867       10.9400005    
 Reading: PARCHG.0042.0001.R3
   0.00000000       14.4845867       10.9400005    
 Reading: PARCHG.0043.0001.R3
   0.00000000       14.4845867       10.9400005    
 Reading: PARCHG.0044.0001.R3
   0.00000000       14.4845867       10.9400005    
 Reading: PARCHG.0027.0001.R3
   1.87070542E-40   9.71720314       11.0799999    
 Reading: PARCHG.0028.0001.R3
   1.87143410E-40   9.71720600       11.0799999    
 Reading: PARCHG.0029.0001.R3
   1.16998052E-39   9.73072243       11.0799999    
 Reading: PARCHG.0030.0001.R3
   1.17074143E-39   9.73072720       11.0799999    
 Reading: PARCHG.0031.0001.R3
   1.17118284E-39   9.73073006       11.0799999    
 Reading: PARCHG.0032.0001.R3
   1.17179240E-39   9.73073387       11.0799999    
 Reading: PARCHG.0033.0001.R3
   0.00000000       14.4845572       11.0799999    
 Reading: PARCHG.0034.0001.R3
   0.00000000       14.4845572       11.0799999    
 Reading: PARCHG.0035.0001.R3
   0.00000000       14.4845572       11.0799999    
 Reading: PARCHG.0036.0001.R3
   0.00000000       14.4845581       11.0799999    
 Reading: PARCHG.0037.0001.R3
   0.00000000       14.4845581       11.0799999    
 Reading: PARCHG.0038.0001.R3
   0.00000000       14.4845581       11.0799999    
 Reading: PARCHG.0039.0001.R3
   0.00000000       14.4845867       11.0799999    
 Reading: PARCHG.0040.0001.R3
   0.00000000       14.4845867       11.0799999    
 Reading: PARCHG.0041.0001.R3
   0.00000000       14.4845867       11.0799999    
 Reading: PARCHG.0042.0001.R3
   0.00000000       14.4845867       11.0799999    
 Reading: PARCHG.0043.0001.R3
   0.00000000       14.4845867       11.0799999    
 Reading: PARCHG.0044.0001.R3
   0.00000000       14.4845867       11.0799999    
 Reading: PARCHG.0027.0001.R3
   0.00000000       9.71720314       11.2200003    
 Reading: PARCHG.0028.0001.R3
   0.00000000       9.71720600       11.2200003    
 Reading: PARCHG.0029.0001.R3
   0.00000000       9.73072243       11.2200003    
 Reading: PARCHG.0030.0001.R3
   0.00000000       9.73072720       11.2200003    
 Reading: PARCHG.0031.0001.R3
   0.00000000       9.73073006       11.2200003    
 Reading: PARCHG.0032.0001.R3
   0.00000000       9.73073387       11.2200003    
 Reading: PARCHG.0033.0001.R3
   0.00000000       14.4845572       11.2200003    
 Reading: PARCHG.0034.0001.R3
   0.00000000       14.4845572       11.2200003    
 Reading: PARCHG.0035.0001.R3
   0.00000000       14.4845572       11.2200003    
 Reading: PARCHG.0036.0001.R3
   0.00000000       14.4845581       11.2200003    
 Reading: PARCHG.0037.0001.R3
   0.00000000       14.4845581       11.2200003    
 Reading: PARCHG.0038.0001.R3
   0.00000000       14.4845581       11.2200003    
 Reading: PARCHG.0039.0001.R3
   0.00000000       14.4845867       11.2200003    
 Reading: PARCHG.0040.0001.R3
   0.00000000       14.4845867       11.2200003    
 Reading: PARCHG.0041.0001.R3
   0.00000000       14.4845867       11.2200003    
 Reading: PARCHG.0042.0001.R3
   0.00000000       14.4845867       11.2200003    
 Reading: PARCHG.0043.0001.R3
   0.00000000       14.4845867       11.2200003    
 Reading: PARCHG.0044.0001.R3
   0.00000000       14.4845867       11.2200003    
 Reading: PARCHG.0027.0001.R3
   0.00000000       9.71720314       11.3600006    
 Reading: PARCHG.0028.0001.R3
   0.00000000       9.71720600       11.3600006    
 Reading: PARCHG.0029.0001.R3
   0.00000000       9.73072243       11.3600006    
 Reading: PARCHG.0030.0001.R3
   0.00000000       9.73072720       11.3600006    
 Reading: PARCHG.0031.0001.R3
   0.00000000       9.73073006       11.3600006    
 Reading: PARCHG.0032.0001.R3
   0.00000000       9.73073387       11.3600006    
 Reading: PARCHG.0033.0001.R3
   0.00000000       14.4845572       11.3600006    
 Reading: PARCHG.0034.0001.R3
   0.00000000       14.4845572       11.3600006    
 Reading: PARCHG.0035.0001.R3
   0.00000000       14.4845572       11.3600006    
 Reading: PARCHG.0036.0001.R3
   0.00000000       14.4845581       11.3600006    
 Reading: PARCHG.0037.0001.R3
   0.00000000       14.4845581       11.3600006    
 Reading: PARCHG.0038.0001.R3
   0.00000000       14.4845581       11.3600006    
 Reading: PARCHG.0039.0001.R3
   0.00000000       14.4845867       11.3600006    
 Reading: PARCHG.0040.0001.R3
   0.00000000       14.4845867       11.3600006    
 Reading: PARCHG.0041.0001.R3
   0.00000000       14.4845867       11.3600006    
 Reading: PARCHG.0042.0001.R3
   0.00000000       14.4845867       11.3600006    
 Reading: PARCHG.0043.0001.R3
   0.00000000       14.4845867       11.3600006    
 Reading: PARCHG.0044.0001.R3
   0.00000000       14.4845867       11.3600006    
 Reading: PARCHG.0027.0001.R3
   0.00000000       9.71720314       11.5000000    
 Reading: PARCHG.0028.0001.R3
   0.00000000       9.71720600       11.5000000    
 Reading: PARCHG.0029.0001.R3
   0.00000000       9.73072243       11.5000000    
 Reading: PARCHG.0030.0001.R3
   0.00000000       9.73072720       11.5000000    
 Reading: PARCHG.0031.0001.R3
   0.00000000       9.73073006       11.5000000    
 Reading: PARCHG.0032.0001.R3
   0.00000000       9.73073387       11.5000000    
 Reading: PARCHG.0033.0001.R3
   0.00000000       14.4845572       11.5000000    
 Reading: PARCHG.0034.0001.R3
   0.00000000       14.4845572       11.5000000    
 Reading: PARCHG.0035.0001.R3
   0.00000000       14.4845572       11.5000000    
 Reading: PARCHG.0036.0001.R3
   0.00000000       14.4845581       11.5000000    
 Reading: PARCHG.0037.0001.R3
   0.00000000       14.4845581       11.5000000    
 Reading: PARCHG.0038.0001.R3
   0.00000000       14.4845581       11.5000000    
 Reading: PARCHG.0039.0001.R3
   0.00000000       14.4845867       11.5000000    
 Reading: PARCHG.0040.0001.R3
   0.00000000       14.4845867       11.5000000    
 Reading: PARCHG.0041.0001.R3
   0.00000000       14.4845867       11.5000000    
 Reading: PARCHG.0042.0001.R3
   0.00000000       14.4845867       11.5000000    
 Reading: PARCHG.0043.0001.R3
   0.00000000       14.4845867       11.5000000    
 Reading: PARCHG.0044.0001.R3
   0.00000000       14.4845867       11.5000000    
 Reading: PARCHG.0027.0001.R3
   0.00000000       9.71720314       11.6400003    
 Reading: PARCHG.0028.0001.R3
   0.00000000       9.71720600       11.6400003    
 Reading: PARCHG.0029.0001.R3
   0.00000000       9.73072243       11.6400003    
 Reading: PARCHG.0030.0001.R3
   0.00000000       9.73072720       11.6400003    
 Reading: PARCHG.0031.0001.R3
   0.00000000       9.73073006       11.6400003    
 Reading: PARCHG.0032.0001.R3
   0.00000000       9.73073387       11.6400003    
 Reading: PARCHG.0033.0001.R3
   0.00000000       14.4845572       11.6400003    
 Reading: PARCHG.0034.0001.R3
   0.00000000       14.4845572       11.6400003    
 Reading: PARCHG.0035.0001.R3
   0.00000000       14.4845572       11.6400003    
 Reading: PARCHG.0036.0001.R3
   0.00000000       14.4845581       11.6400003    
 Reading: PARCHG.0037.0001.R3
   0.00000000       14.4845581       11.6400003    
 Reading: PARCHG.0038.0001.R3
   0.00000000       14.4845581       11.6400003    
 Reading: PARCHG.0039.0001.R3
   0.00000000       14.4845867       11.6400003    
 Reading: PARCHG.0040.0001.R3
   0.00000000       14.4845867       11.6400003    
 Reading: PARCHG.0041.0001.R3
   0.00000000       14.4845867       11.6400003    
 Reading: PARCHG.0042.0001.R3
   0.00000000       14.4845867       11.6400003    
 Reading: PARCHG.0043.0001.R3
   0.00000000       14.4845867       11.6400003    
 Reading: PARCHG.0044.0001.R3
   0.00000000       14.4845867       11.6400003    
 Reading: PARCHG.0027.0001.R3
   0.00000000       9.71720314       11.7799997    
 Reading: PARCHG.0028.0001.R3
   0.00000000       9.71720600       11.7799997    
 Reading: PARCHG.0029.0001.R3
   0.00000000       9.73072243       11.7799997    
 Reading: PARCHG.0030.0001.R3
   0.00000000       9.73072720       11.7799997    
 Reading: PARCHG.0031.0001.R3
   0.00000000       9.73073006       11.7799997    
 Reading: PARCHG.0032.0001.R3
   0.00000000       9.73073387       11.7799997    
 Reading: PARCHG.0033.0001.R3
   0.00000000       14.4845572       11.7799997    
 Reading: PARCHG.0034.0001.R3
   0.00000000       14.4845572       11.7799997    
 Reading: PARCHG.0035.0001.R3
   0.00000000       14.4845572       11.7799997    
 Reading: PARCHG.0036.0001.R3
   0.00000000       14.4845581       11.7799997    
 Reading: PARCHG.0037.0001.R3
   0.00000000       14.4845581       11.7799997    
 Reading: PARCHG.0038.0001.R3
   0.00000000       14.4845581       11.7799997    
 Reading: PARCHG.0039.0001.R3
   0.00000000       14.4845867       11.7799997    
 Reading: PARCHG.0040.0001.R3
   0.00000000       14.4845867       11.7799997    
 Reading: PARCHG.0041.0001.R3
   0.00000000       14.4845867       11.7799997    
 Reading: PARCHG.0042.0001.R3
   0.00000000       14.4845867       11.7799997    
 Reading: PARCHG.0043.0001.R3
   0.00000000       14.4845867       11.7799997    
 Reading: PARCHG.0044.0001.R3
   0.00000000       14.4845867       11.7799997    
 Reading: PARCHG.0027.0001.R3
   0.00000000       9.71720314       11.9200001    
 Reading: PARCHG.0028.0001.R3
   0.00000000       9.71720600       11.9200001    
 Reading: PARCHG.0029.0001.R3
   0.00000000       9.73072243       11.9200001    
 Reading: PARCHG.0030.0001.R3
   0.00000000       9.73072720       11.9200001    
 Reading: PARCHG.0031.0001.R3
   0.00000000       9.73073006       11.9200001    
 Reading: PARCHG.0032.0001.R3
   0.00000000       9.73073387       11.9200001    
 Reading: PARCHG.0033.0001.R3
   0.00000000       14.4845572       11.9200001    
 Reading: PARCHG.0034.0001.R3
   0.00000000       14.4845572       11.9200001    
 Reading: PARCHG.0035.0001.R3
   0.00000000       14.4845572       11.9200001    
 Reading: PARCHG.0036.0001.R3
   0.00000000       14.4845581       11.9200001    
 Reading: PARCHG.0037.0001.R3
   0.00000000       14.4845581       11.9200001    
 Reading: PARCHG.0038.0001.R3
   0.00000000       14.4845581       11.9200001    
 Reading: PARCHG.0039.0001.R3
   0.00000000       14.4845867       11.9200001    
 Reading: PARCHG.0040.0001.R3
   0.00000000       14.4845867       11.9200001    
 Reading: PARCHG.0041.0001.R3
   0.00000000       14.4845867       11.9200001    
 Reading: PARCHG.0042.0001.R3
   0.00000000       14.4845867       11.9200001    
 Reading: PARCHG.0043.0001.R3
   0.00000000       14.4845867       11.9200001    
 Reading: PARCHG.0044.0001.R3
   0.00000000       14.4845867       11.9200001    
 Reading: PARCHG.0027.0001.R3
   0.00000000       9.71720314       12.0599995    
 Reading: PARCHG.0028.0001.R3
   0.00000000       9.71720600       12.0599995    
 Reading: PARCHG.0029.0001.R3
   0.00000000       9.73072243       12.0599995    
 Reading: PARCHG.0030.0001.R3
   0.00000000       9.73072720       12.0599995    
 Reading: PARCHG.0031.0001.R3
   0.00000000       9.73073006       12.0599995    
 Reading: PARCHG.0032.0001.R3
   0.00000000       9.73073387       12.0599995    
 Reading: PARCHG.0033.0001.R3
   0.00000000       14.4845572       12.0599995    
 Reading: PARCHG.0034.0001.R3
   0.00000000       14.4845572       12.0599995    
 Reading: PARCHG.0035.0001.R3
   0.00000000       14.4845572       12.0599995    
 Reading: PARCHG.0036.0001.R3
   0.00000000       14.4845581       12.0599995    
 Reading: PARCHG.0037.0001.R3
   0.00000000       14.4845581       12.0599995    
 Reading: PARCHG.0038.0001.R3
   0.00000000       14.4845581       12.0599995    
 Reading: PARCHG.0039.0001.R3
   0.00000000       14.4845867       12.0599995    
 Reading: PARCHG.0040.0001.R3
   0.00000000       14.4845867       12.0599995    
 Reading: PARCHG.0041.0001.R3
   0.00000000       14.4845867       12.0599995    
 Reading: PARCHG.0042.0001.R3
   0.00000000       14.4845867       12.0599995    
 Reading: PARCHG.0043.0001.R3
   0.00000000       14.4845867       12.0599995    
 Reading: PARCHG.0044.0001.R3
   0.00000000       14.4845867       12.0599995    
 Reading: PARCHG.0027.0001.R3
   0.00000000       9.71720314       12.1999998    
 Reading: PARCHG.0028.0001.R3
   0.00000000       9.71720600       12.1999998    
 Reading: PARCHG.0029.0001.R3
   0.00000000       9.73072243       12.1999998    
 Reading: PARCHG.0030.0001.R3
   0.00000000       9.73072720       12.1999998    
 Reading: PARCHG.0031.0001.R3
   0.00000000       9.73073006       12.1999998    
 Reading: PARCHG.0032.0001.R3
   0.00000000       9.73073387       12.1999998    
 Reading: PARCHG.0033.0001.R3
   0.00000000       14.4845572       12.1999998    
 Reading: PARCHG.0034.0001.R3
   0.00000000       14.4845572       12.1999998    
 Reading: PARCHG.0035.0001.R3
   0.00000000       14.4845572       12.1999998    
 Reading: PARCHG.0036.0001.R3
   0.00000000       14.4845581       12.1999998    
 Reading: PARCHG.0037.0001.R3
   0.00000000       14.4845581       12.1999998    
 Reading: PARCHG.0038.0001.R3
   0.00000000       14.4845581       12.1999998    
 Reading: PARCHG.0039.0001.R3
   0.00000000       14.4845867       12.1999998    
 Reading: PARCHG.0040.0001.R3
   0.00000000       14.4845867       12.1999998    
 Reading: PARCHG.0041.0001.R3
   0.00000000       14.4845867       12.1999998    
 Reading: PARCHG.0042.0001.R3
   0.00000000       14.4845867       12.1999998    
 Reading: PARCHG.0043.0001.R3
   0.00000000       14.4845867       12.1999998    
 Reading: PARCHG.0044.0001.R3
   0.00000000       14.4845867       12.1999998    
 Reading: PARCHG.0027.0001.R3
   0.00000000       9.71720314       12.3400002    
 Reading: PARCHG.0028.0001.R3
   0.00000000       9.71720600       12.3400002    
 Reading: PARCHG.0029.0001.R3
   0.00000000       9.73072243       12.3400002    
 Reading: PARCHG.0030.0001.R3
   0.00000000       9.73072720       12.3400002    
 Reading: PARCHG.0031.0001.R3
   0.00000000       9.73073006       12.3400002    
 Reading: PARCHG.0032.0001.R3
   0.00000000       9.73073387       12.3400002    
 Reading: PARCHG.0033.0001.R3
   0.00000000       14.4845572       12.3400002    
 Reading: PARCHG.0034.0001.R3
   0.00000000       14.4845572       12.3400002    
 Reading: PARCHG.0035.0001.R3
   0.00000000       14.4845572       12.3400002    
 Reading: PARCHG.0036.0001.R3
   0.00000000       14.4845581       12.3400002    
 Reading: PARCHG.0037.0001.R3
   0.00000000       14.4845581       12.3400002    
 Reading: PARCHG.0038.0001.R3
   0.00000000       14.4845581       12.3400002    
 Reading: PARCHG.0039.0001.R3
   0.00000000       14.4845867       12.3400002    
 Reading: PARCHG.0040.0001.R3
   0.00000000       14.4845867       12.3400002    
 Reading: PARCHG.0041.0001.R3
   0.00000000       14.4845867       12.3400002    
 Reading: PARCHG.0042.0001.R3
   0.00000000       14.4845867       12.3400002    
 Reading: PARCHG.0043.0001.R3
   0.00000000       14.4845867       12.3400002    
 Reading: PARCHG.0044.0001.R3
   0.00000000       14.4845867       12.3400002    
 Reading: PARCHG.0027.0001.R3
   0.00000000       9.71720314       12.4799995    
 Reading: PARCHG.0028.0001.R3
   0.00000000       9.71720600       12.4799995    
 Reading: PARCHG.0029.0001.R3
   0.00000000       9.73072243       12.4799995    
 Reading: PARCHG.0030.0001.R3
   0.00000000       9.73072720       12.4799995    
 Reading: PARCHG.0031.0001.R3
   0.00000000       9.73073006       12.4799995    
 Reading: PARCHG.0032.0001.R3
   0.00000000       9.73073387       12.4799995    
 Reading: PARCHG.0033.0001.R3
   0.00000000       14.4845572       12.4799995    
 Reading: PARCHG.0034.0001.R3
   0.00000000       14.4845572       12.4799995    
 Reading: PARCHG.0035.0001.R3
   0.00000000       14.4845572       12.4799995    
 Reading: PARCHG.0036.0001.R3
   0.00000000       14.4845581       12.4799995    
 Reading: PARCHG.0037.0001.R3
   0.00000000       14.4845581       12.4799995    
 Reading: PARCHG.0038.0001.R3
   0.00000000       14.4845581       12.4799995    
 Reading: PARCHG.0039.0001.R3
   0.00000000       14.4845867       12.4799995    
 Reading: PARCHG.0040.0001.R3
   0.00000000       14.4845867       12.4799995    
 Reading: PARCHG.0041.0001.R3
   0.00000000       14.4845867       12.4799995    
 Reading: PARCHG.0042.0001.R3
   0.00000000       14.4845867       12.4799995    
 Reading: PARCHG.0043.0001.R3
   0.00000000       14.4845867       12.4799995    
 Reading: PARCHG.0044.0001.R3
   0.00000000       14.4845867       12.4799995    
 Reading: PARCHG.0027.0001.R3
   0.00000000       9.71720314       12.6199999    
 Reading: PARCHG.0028.0001.R3
   0.00000000       9.71720600       12.6199999    
 Reading: PARCHG.0029.0001.R3
   0.00000000       9.73072243       12.6199999    
 Reading: PARCHG.0030.0001.R3
   0.00000000       9.73072720       12.6199999    
 Reading: PARCHG.0031.0001.R3
   0.00000000       9.73073006       12.6199999    
 Reading: PARCHG.0032.0001.R3
   0.00000000       9.73073387       12.6199999    
 Reading: PARCHG.0033.0001.R3
   0.00000000       14.4845572       12.6199999    
 Reading: PARCHG.0034.0001.R3
   0.00000000       14.4845572       12.6199999    
 Reading: PARCHG.0035.0001.R3
   0.00000000       14.4845572       12.6199999    
 Reading: PARCHG.0036.0001.R3
   0.00000000       14.4845581       12.6199999    
 Reading: PARCHG.0037.0001.R3
   0.00000000       14.4845581       12.6199999    
 Reading: PARCHG.0038.0001.R3
   0.00000000       14.4845581       12.6199999    
 Reading: PARCHG.0039.0001.R3
   0.00000000       14.4845867       12.6199999    
 Reading: PARCHG.0040.0001.R3
   0.00000000       14.4845867       12.6199999    
 Reading: PARCHG.0041.0001.R3
   0.00000000       14.4845867       12.6199999    
 Reading: PARCHG.0042.0001.R3
   0.00000000       14.4845867       12.6199999    
 Reading: PARCHG.0043.0001.R3
   0.00000000       14.4845867       12.6199999    
 Reading: PARCHG.0044.0001.R3
   0.00000000       14.4845867       12.6199999    
 Reading: PARCHG.0027.0001.R3
   0.00000000       9.71720314       12.7600002    
 Reading: PARCHG.0028.0001.R3
   0.00000000       9.71720600       12.7600002    
 Reading: PARCHG.0029.0001.R3
   0.00000000       9.73072243       12.7600002    
 Reading: PARCHG.0030.0001.R3
   0.00000000       9.73072720       12.7600002    
 Reading: PARCHG.0031.0001.R3
   0.00000000       9.73073006       12.7600002    
 Reading: PARCHG.0032.0001.R3
   0.00000000       9.73073387       12.7600002    
 Reading: PARCHG.0033.0001.R3
   0.00000000       14.4845572       12.7600002    
 Reading: PARCHG.0034.0001.R3
   0.00000000       14.4845572       12.7600002    
 Reading: PARCHG.0035.0001.R3
   0.00000000       14.4845572       12.7600002    
 Reading: PARCHG.0036.0001.R3
   0.00000000       14.4845581       12.7600002    
 Reading: PARCHG.0037.0001.R3
   0.00000000       14.4845581       12.7600002    
 Reading: PARCHG.0038.0001.R3
   0.00000000       14.4845581       12.7600002    
 Reading: PARCHG.0039.0001.R3
   0.00000000       14.4845867       12.7600002    
 Reading: PARCHG.0040.0001.R3
   0.00000000       14.4845867       12.7600002    
 Reading: PARCHG.0041.0001.R3
   0.00000000       14.4845867       12.7600002    
 Reading: PARCHG.0042.0001.R3
   0.00000000       14.4845867       12.7600002    
 Reading: PARCHG.0043.0001.R3
   0.00000000       14.4845867       12.7600002    
 Reading: PARCHG.0044.0001.R3
   0.00000000       14.4845867       12.7600002    
 Reading: PARCHG.0027.0001.R3
   0.00000000       9.71720314       12.8999996    
 Reading: PARCHG.0028.0001.R3
   0.00000000       9.71720600       12.8999996    
 Reading: PARCHG.0029.0001.R3
   0.00000000       9.73072243       12.8999996    
 Reading: PARCHG.0030.0001.R3
   0.00000000       9.73072720       12.8999996    
 Reading: PARCHG.0031.0001.R3
   0.00000000       9.73073006       12.8999996    
 Reading: PARCHG.0032.0001.R3
   0.00000000       9.73073387       12.8999996    
 Reading: PARCHG.0033.0001.R3
   0.00000000       14.4845572       12.8999996    
 Reading: PARCHG.0034.0001.R3
   0.00000000       14.4845572       12.8999996    
 Reading: PARCHG.0035.0001.R3
   0.00000000       14.4845572       12.8999996    
 Reading: PARCHG.0036.0001.R3
   0.00000000       14.4845581       12.8999996    
 Reading: PARCHG.0037.0001.R3
   0.00000000       14.4845581       12.8999996    
 Reading: PARCHG.0038.0001.R3
   0.00000000       14.4845581       12.8999996    
 Reading: PARCHG.0039.0001.R3
   0.00000000       14.4845867       12.8999996    
 Reading: PARCHG.0040.0001.R3
   0.00000000       14.4845867       12.8999996    
 Reading: PARCHG.0041.0001.R3
   0.00000000       14.4845867       12.8999996    
 Reading: PARCHG.0042.0001.R3
   0.00000000       14.4845867       12.8999996    
 Reading: PARCHG.0043.0001.R3
   0.00000000       14.4845867       12.8999996    
 Reading: PARCHG.0044.0001.R3
   0.00000000       14.4845867       12.8999996    
 Reading: PARCHG.0027.0001.R3
   0.00000000       9.71720314       13.0400000    
 Reading: PARCHG.0028.0001.R3
   0.00000000       9.71720600       13.0400000    
 Reading: PARCHG.0029.0001.R3
   0.00000000       9.73072243       13.0400000    
 Reading: PARCHG.0030.0001.R3
   0.00000000       9.73072720       13.0400000    
 Reading: PARCHG.0031.0001.R3
   0.00000000       9.73073006       13.0400000    
 Reading: PARCHG.0032.0001.R3
   0.00000000       9.73073387       13.0400000    
 Reading: PARCHG.0033.0001.R3
   0.00000000       14.4845572       13.0400000    
 Reading: PARCHG.0034.0001.R3
   0.00000000       14.4845572       13.0400000    
 Reading: PARCHG.0035.0001.R3
   0.00000000       14.4845572       13.0400000    
 Reading: PARCHG.0036.0001.R3
   0.00000000       14.4845581       13.0400000    
 Reading: PARCHG.0037.0001.R3
   0.00000000       14.4845581       13.0400000    
 Reading: PARCHG.0038.0001.R3
   0.00000000       14.4845581       13.0400000    
 Reading: PARCHG.0039.0001.R3
   0.00000000       14.4845867       13.0400000    
 Reading: PARCHG.0040.0001.R3
   0.00000000       14.4845867       13.0400000    
 Reading: PARCHG.0041.0001.R3
   0.00000000       14.4845867       13.0400000    
 Reading: PARCHG.0042.0001.R3
   0.00000000       14.4845867       13.0400000    
 Reading: PARCHG.0043.0001.R3
   0.00000000       14.4845867       13.0400000    
 Reading: PARCHG.0044.0001.R3
   0.00000000       14.4845867       13.0400000    
 Reading: PARCHG.0027.0001.R3
   0.00000000       9.71720314       13.1800003    
 Reading: PARCHG.0028.0001.R3
   0.00000000       9.71720600       13.1800003    
 Reading: PARCHG.0029.0001.R3
   0.00000000       9.73072243       13.1800003    
 Reading: PARCHG.0030.0001.R3
   0.00000000       9.73072720       13.1800003    
 Reading: PARCHG.0031.0001.R3
   0.00000000       9.73073006       13.1800003    
 Reading: PARCHG.0032.0001.R3
   0.00000000       9.73073387       13.1800003    
 Reading: PARCHG.0033.0001.R3
   4.41883126E-37   14.4845572       13.1800003    
 Reading: PARCHG.0034.0001.R3
   4.41883126E-37   14.4845572       13.1800003    
 Reading: PARCHG.0035.0001.R3
   4.41883126E-37   14.4845572       13.1800003    
 Reading: PARCHG.0036.0001.R3
   4.41829182E-37   14.4845581       13.1800003    
 Reading: PARCHG.0037.0001.R3
   4.41829182E-37   14.4845581       13.1800003    
 Reading: PARCHG.0038.0001.R3
   4.41829182E-37   14.4845581       13.1800003    
 Reading: PARCHG.0039.0001.R3
   4.40183945E-37   14.4845867       13.1800003    
 Reading: PARCHG.0040.0001.R3
   4.40183945E-37   14.4845867       13.1800003    
 Reading: PARCHG.0041.0001.R3
   4.40183945E-37   14.4845867       13.1800003    
 Reading: PARCHG.0042.0001.R3
   4.40183945E-37   14.4845867       13.1800003    
 Reading: PARCHG.0043.0001.R3
   4.40183945E-37   14.4845867       13.1800003    
 Reading: PARCHG.0044.0001.R3
   4.40183945E-37   14.4845867       13.1800003    
 Reading: PARCHG.0027.0001.R3
   0.00000000       9.71720314       13.3199997    
 Reading: PARCHG.0028.0001.R3
   0.00000000       9.71720600       13.3199997    
 Reading: PARCHG.0029.0001.R3
   0.00000000       9.73072243       13.3199997    
 Reading: PARCHG.0030.0001.R3
   0.00000000       9.73072720       13.3199997    
 Reading: PARCHG.0031.0001.R3
   0.00000000       9.73073006       13.3199997    
 Reading: PARCHG.0032.0001.R3
   0.00000000       9.73073387       13.3199997    
 Reading: PARCHG.0033.0001.R3
   1.41754101E-29   14.4845572       13.3199997    
 Reading: PARCHG.0034.0001.R3
   1.41754101E-29   14.4845572       13.3199997    
 Reading: PARCHG.0035.0001.R3
   1.41754101E-29   14.4845572       13.3199997    
 Reading: PARCHG.0036.0001.R3
   1.41737866E-29   14.4845581       13.3199997    
 Reading: PARCHG.0037.0001.R3
   1.41737866E-29   14.4845581       13.3199997    
 Reading: PARCHG.0038.0001.R3
   1.41737866E-29   14.4845581       13.3199997    
 Reading: PARCHG.0039.0001.R3
   1.41266104E-29   14.4845867       13.3199997    
 Reading: PARCHG.0040.0001.R3
   1.41266104E-29   14.4845867       13.3199997    
 Reading: PARCHG.0041.0001.R3
   1.41266104E-29   14.4845867       13.3199997    
 Reading: PARCHG.0042.0001.R3
   1.41266104E-29   14.4845867       13.3199997    
 Reading: PARCHG.0043.0001.R3
   1.41266104E-29   14.4845867       13.3199997    
 Reading: PARCHG.0044.0001.R3
   1.41266104E-29   14.4845867       13.3199997    
 Reading: PARCHG.0027.0001.R3
   0.00000000       9.71720314       13.4600000    
 Reading: PARCHG.0028.0001.R3
   0.00000000       9.71720600       13.4600000    
 Reading: PARCHG.0029.0001.R3
   0.00000000       9.73072243       13.4600000    
 Reading: PARCHG.0030.0001.R3
   0.00000000       9.73072720       13.4600000    
 Reading: PARCHG.0031.0001.R3
   0.00000000       9.73073006       13.4600000    
 Reading: PARCHG.0032.0001.R3
   0.00000000       9.73073387       13.4600000    
 Reading: PARCHG.0033.0001.R3
   6.40604659E-23   14.4845572       13.4600000    
 Reading: PARCHG.0034.0001.R3
   6.40604659E-23   14.4845572       13.4600000    
 Reading: PARCHG.0035.0001.R3
   6.40604659E-23   14.4845572       13.4600000    
 Reading: PARCHG.0036.0001.R3
   6.40543569E-23   14.4845581       13.4600000    
 Reading: PARCHG.0037.0001.R3
   6.40543569E-23   14.4845581       13.4600000    
 Reading: PARCHG.0038.0001.R3
   6.40543569E-23   14.4845581       13.4600000    
 Reading: PARCHG.0039.0001.R3
   6.38669741E-23   14.4845867       13.4600000    
 Reading: PARCHG.0040.0001.R3
   6.38669741E-23   14.4845867       13.4600000    
 Reading: PARCHG.0041.0001.R3
   6.38669741E-23   14.4845867       13.4600000    
 Reading: PARCHG.0042.0001.R3
   6.38669741E-23   14.4845867       13.4600000    
 Reading: PARCHG.0043.0001.R3
   6.38669741E-23   14.4845867       13.4600000    
 Reading: PARCHG.0044.0001.R3
   6.38669741E-23   14.4845867       13.4600000    
 Reading: PARCHG.0027.0001.R3
   0.00000000       9.71720314       13.6000004    
 Reading: PARCHG.0028.0001.R3
   0.00000000       9.71720600       13.6000004    
 Reading: PARCHG.0029.0001.R3
   0.00000000       9.73072243       13.6000004    
 Reading: PARCHG.0030.0001.R3
   0.00000000       9.73072720       13.6000004    
 Reading: PARCHG.0031.0001.R3
   0.00000000       9.73073006       13.6000004    
 Reading: PARCHG.0032.0001.R3
   0.00000000       9.73073387       13.6000004    
 Reading: PARCHG.0033.0001.R3
   4.07781778E-17   14.4845572       13.6000004    
 Reading: PARCHG.0034.0001.R3
   4.07781778E-17   14.4845572       13.6000004    
 Reading: PARCHG.0035.0001.R3
   4.07781778E-17   14.4845572       13.6000004    
 Reading: PARCHG.0036.0001.R3
   4.07747566E-17   14.4845581       13.6000004    
 Reading: PARCHG.0037.0001.R3
   4.07747566E-17   14.4845581       13.6000004    
 Reading: PARCHG.0038.0001.R3
   4.07747566E-17   14.4845581       13.6000004    
 Reading: PARCHG.0039.0001.R3
   4.06717593E-17   14.4845867       13.6000004    
 Reading: PARCHG.0040.0001.R3
   4.06717593E-17   14.4845867       13.6000004    
 Reading: PARCHG.0041.0001.R3
   4.06717593E-17   14.4845867       13.6000004    
 Reading: PARCHG.0042.0001.R3
   4.06717593E-17   14.4845867       13.6000004    
 Reading: PARCHG.0043.0001.R3
   4.06717593E-17   14.4845867       13.6000004    
 Reading: PARCHG.0044.0001.R3
   4.06717593E-17   14.4845867       13.6000004    
 Reading: PARCHG.0027.0001.R3
   0.00000000       9.71720314       13.7399998    
 Reading: PARCHG.0028.0001.R3
   0.00000000       9.71720600       13.7399998    
 Reading: PARCHG.0029.0001.R3
   0.00000000       9.73072243       13.7399998    
 Reading: PARCHG.0030.0001.R3
   0.00000000       9.73072720       13.7399998    
 Reading: PARCHG.0031.0001.R3
   0.00000000       9.73073006       13.7399998    
 Reading: PARCHG.0032.0001.R3
   0.00000000       9.73073387       13.7399998    
 Reading: PARCHG.0033.0001.R3
   3.65605896E-12   14.4845572       13.7399998    
 Reading: PARCHG.0034.0001.R3
   3.65605896E-12   14.4845572       13.7399998    
 Reading: PARCHG.0035.0001.R3
   3.65605896E-12   14.4845572       13.7399998    
 Reading: PARCHG.0036.0001.R3
   3.65579355E-12   14.4845581       13.7399998    
 Reading: PARCHG.0037.0001.R3
   3.65579355E-12   14.4845581       13.7399998    
 Reading: PARCHG.0038.0001.R3
   3.65579355E-12   14.4845581       13.7399998    
 Reading: PARCHG.0039.0001.R3
   3.64801332E-12   14.4845867       13.7399998    
 Reading: PARCHG.0040.0001.R3
   3.64801332E-12   14.4845867       13.7399998    
 Reading: PARCHG.0041.0001.R3
   3.64801332E-12   14.4845867       13.7399998    
 Reading: PARCHG.0042.0001.R3
   3.64801332E-12   14.4845867       13.7399998    
 Reading: PARCHG.0043.0001.R3
   3.64801332E-12   14.4845867       13.7399998    
 Reading: PARCHG.0044.0001.R3
   3.64801332E-12   14.4845867       13.7399998    
 Reading: PARCHG.0027.0001.R3
   0.00000000       9.71720314       13.8800001    
 Reading: PARCHG.0028.0001.R3
   0.00000000       9.71720600       13.8800001    
 Reading: PARCHG.0029.0001.R3
   0.00000000       9.73072243       13.8800001    
 Reading: PARCHG.0030.0001.R3
   0.00000000       9.73072720       13.8800001    
 Reading: PARCHG.0031.0001.R3
   0.00000000       9.73073006       13.8800001    
 Reading: PARCHG.0032.0001.R3
   0.00000000       9.73073387       13.8800001    
 Reading: PARCHG.0033.0001.R3
   4.61756713E-08   14.4845572       13.8800001    
 Reading: PARCHG.0034.0001.R3
   4.61756713E-08   14.4845572       13.8800001    
 Reading: PARCHG.0035.0001.R3
   4.61756713E-08   14.4845572       13.8800001    
 Reading: PARCHG.0036.0001.R3
   4.61730281E-08   14.4845581       13.8800001    
 Reading: PARCHG.0037.0001.R3
   4.61730281E-08   14.4845581       13.8800001    
 Reading: PARCHG.0038.0001.R3
   4.61730281E-08   14.4845581       13.8800001    
 Reading: PARCHG.0039.0001.R3
   4.60932199E-08   14.4845867       13.8800001    
 Reading: PARCHG.0040.0001.R3
   4.60932199E-08   14.4845867       13.8800001    
 Reading: PARCHG.0041.0001.R3
   4.60932199E-08   14.4845867       13.8800001    
 Reading: PARCHG.0042.0001.R3
   4.60932199E-08   14.4845867       13.8800001    
 Reading: PARCHG.0043.0001.R3
   4.60932199E-08   14.4845867       13.8800001    
 Reading: PARCHG.0044.0001.R3
   4.60932199E-08   14.4845867       13.8800001    
 Reading: PARCHG.0027.0001.R3
   0.00000000       9.71720314       14.0200005    
 Reading: PARCHG.0028.0001.R3
   0.00000000       9.71720600       14.0200005    
 Reading: PARCHG.0029.0001.R3
   0.00000000       9.73072243       14.0200005    
 Reading: PARCHG.0030.0001.R3
   0.00000000       9.73072720       14.0200005    
 Reading: PARCHG.0031.0001.R3
   0.00000000       9.73073006       14.0200005    
 Reading: PARCHG.0032.0001.R3
   0.00000000       9.73073387       14.0200005    
 Reading: PARCHG.0033.0001.R3
   8.21471185E-05   14.4845572       14.0200005    
 Reading: PARCHG.0034.0001.R3
   8.21471185E-05   14.4845572       14.0200005    
 Reading: PARCHG.0035.0001.R3
   8.21471185E-05   14.4845572       14.0200005    
 Reading: PARCHG.0036.0001.R3
   8.21435169E-05   14.4845581       14.0200005    
 Reading: PARCHG.0037.0001.R3
   8.21435169E-05   14.4845581       14.0200005    
 Reading: PARCHG.0038.0001.R3
   8.21435169E-05   14.4845581       14.0200005    
 Reading: PARCHG.0039.0001.R3
   8.20343848E-05   14.4845867       14.0200005    
 Reading: PARCHG.0040.0001.R3
   8.20343848E-05   14.4845867       14.0200005    
 Reading: PARCHG.0041.0001.R3
   8.20343848E-05   14.4845867       14.0200005    
 Reading: PARCHG.0042.0001.R3
   8.20343848E-05   14.4845867       14.0200005    
 Reading: PARCHG.0043.0001.R3
   8.20343848E-05   14.4845867       14.0200005    
 Reading: PARCHG.0044.0001.R3
   8.20343848E-05   14.4845867       14.0200005    
 Reading: PARCHG.0027.0001.R3
   0.00000000       9.71720314       14.1599998    
 Reading: PARCHG.0028.0001.R3
   0.00000000       9.71720600       14.1599998    
 Reading: PARCHG.0029.0001.R3
   0.00000000       9.73072243       14.1599998    
 Reading: PARCHG.0030.0001.R3
   0.00000000       9.73072720       14.1599998    
 Reading: PARCHG.0031.0001.R3
   0.00000000       9.73073006       14.1599998    
 Reading: PARCHG.0032.0001.R3
   0.00000000       9.73073387       14.1599998    
 Reading: PARCHG.0033.0001.R3
   2.05843374E-02   14.4845572       14.1599998    
 YES
 Reading: PARCHG.0034.0001.R3
   2.05843374E-02   14.4845572       14.1599998    
 YES
 Reading: PARCHG.0035.0001.R3
   2.05843374E-02   14.4845572       14.1599998    
 YES
 Reading: PARCHG.0036.0001.R3
   2.05837004E-02   14.4845581       14.1599998    
 YES
 Reading: PARCHG.0037.0001.R3
   2.05837004E-02   14.4845581       14.1599998    
 YES
 Reading: PARCHG.0038.0001.R3
   2.05837004E-02   14.4845581       14.1599998    
 YES
 Reading: PARCHG.0039.0001.R3
   2.05645896E-02   14.4845867       14.1599998    
 YES
 Reading: PARCHG.0040.0001.R3
   2.05645896E-02   14.4845867       14.1599998    
 YES
 Reading: PARCHG.0041.0001.R3
   2.05645896E-02   14.4845867       14.1599998    
 YES
 Reading: PARCHG.0042.0001.R3
   2.05645896E-02   14.4845867       14.1599998    
 YES
 Reading: PARCHG.0043.0001.R3
   2.05645896E-02   14.4845867       14.1599998    
 YES
 Reading: PARCHG.0044.0001.R3
   2.05645896E-02   14.4845867       14.1599998    
 YES
 Reading: PARCHG.0027.0001.R3
   0.00000000       9.71720314       14.3000002    
 Reading: PARCHG.0028.0001.R3
   0.00000000       9.71720600       14.3000002    
 Reading: PARCHG.0029.0001.R3
   0.00000000       9.73072243       14.3000002    
 Reading: PARCHG.0030.0001.R3
   0.00000000       9.73072720       14.3000002    
 Reading: PARCHG.0031.0001.R3
   0.00000000       9.73073006       14.3000002    
 Reading: PARCHG.0032.0001.R3
   0.00000000       9.73073387       14.3000002    
 Reading: PARCHG.0033.0001.R3
  0.726572573       14.4845572       14.3000002    
 YES
 Reading: PARCHG.0034.0001.R3
  0.726572573       14.4845572       14.3000002    
 YES
 Reading: PARCHG.0035.0001.R3
  0.726572573       14.4845572       14.3000002    
 YES
 Reading: PARCHG.0036.0001.R3
  0.726559758       14.4845581       14.3000002    
 YES
 Reading: PARCHG.0037.0001.R3
  0.726559758       14.4845581       14.3000002    
 YES
 Reading: PARCHG.0038.0001.R3
  0.726559758       14.4845581       14.3000002    
 YES
 Reading: PARCHG.0039.0001.R3
  0.726176202       14.4845867       14.3000002    
 YES
 Reading: PARCHG.0040.0001.R3
  0.726176202       14.4845867       14.3000002    
 YES
 Reading: PARCHG.0041.0001.R3
  0.726176202       14.4845867       14.3000002    
 YES
 Reading: PARCHG.0042.0001.R3
  0.726176202       14.4845867       14.3000002    
 YES
 Reading: PARCHG.0043.0001.R3
  0.726176202       14.4845867       14.3000002    
 YES
 Reading: PARCHG.0044.0001.R3
  0.726176202       14.4845867       14.3000002    
 YES
 Reading: PARCHG.0027.0001.R3
   0.00000000       9.71720314       14.4400005    
 Reading: PARCHG.0028.0001.R3
   0.00000000       9.71720600       14.4400005    
 Reading: PARCHG.0029.0001.R3
   0.00000000       9.73072243       14.4400005    
 Reading: PARCHG.0030.0001.R3
   0.00000000       9.73072720       14.4400005    
 Reading: PARCHG.0031.0001.R3
   0.00000000       9.73073006       14.4400005    
 Reading: PARCHG.0032.0001.R3
   0.00000000       9.73073387       14.4400005    
 Reading: PARCHG.0033.0001.R3
   3.61243463       14.4845572       14.4400005    
 YES
 Reading: PARCHG.0034.0001.R3
   3.61243463       14.4845572       14.4400005    
 YES
 Reading: PARCHG.0035.0001.R3
   3.61243463       14.4845572       14.4400005    
 YES
 Reading: PARCHG.0036.0001.R3
   3.61241913       14.4845581       14.4400005    
 YES
 Reading: PARCHG.0037.0001.R3
   3.61241913       14.4845581       14.4400005    
 YES
 Reading: PARCHG.0038.0001.R3
   3.61241913       14.4845581       14.4400005    
 YES
 Reading: PARCHG.0039.0001.R3
   3.61195874       14.4845867       14.4400005    
 YES
 Reading: PARCHG.0040.0001.R3
   3.61195874       14.4845867       14.4400005    
 YES
 Reading: PARCHG.0041.0001.R3
   3.61195874       14.4845867       14.4400005    
 YES
 Reading: PARCHG.0042.0001.R3
   3.61195874       14.4845867       14.4400005    
 YES
 Reading: PARCHG.0043.0001.R3
   3.61195874       14.4845867       14.4400005    
 YES
 Reading: PARCHG.0044.0001.R3
   3.61195874       14.4845867       14.4400005    
 YES
 Reading: PARCHG.0027.0001.R3
   0.00000000       9.71720314       14.5799999    
 Reading: PARCHG.0028.0001.R3
   0.00000000       9.71720600       14.5799999    
 Reading: PARCHG.0029.0001.R3
   0.00000000       9.73072243       14.5799999    
 Reading: PARCHG.0030.0001.R3
   0.00000000       9.73072720       14.5799999    
 Reading: PARCHG.0031.0001.R3
   0.00000000       9.73073006       14.5799999    
 Reading: PARCHG.0032.0001.R3
   0.00000000       9.73073387       14.5799999    
 Reading: PARCHG.0033.0001.R3
   2.52990150       14.4845572       14.5799999    
 YES
 Reading: PARCHG.0034.0001.R3
   2.52990150       14.4845572       14.5799999    
 YES
 Reading: PARCHG.0035.0001.R3
   2.52990150       14.4845572       14.5799999    
 YES
 Reading: PARCHG.0036.0001.R3
   2.52992487       14.4845581       14.5799999    
 YES
 Reading: PARCHG.0037.0001.R3
   2.52992487       14.4845581       14.5799999    
 YES
 Reading: PARCHG.0038.0001.R3
   2.52992487       14.4845581       14.5799999    
 YES
 Reading: PARCHG.0039.0001.R3
   2.53061557       14.4845867       14.5799999    
 YES
 Reading: PARCHG.0040.0001.R3
   2.53061557       14.4845867       14.5799999    
 YES
 Reading: PARCHG.0041.0001.R3
   2.53061557       14.4845867       14.5799999    
 YES
 Reading: PARCHG.0042.0001.R3
   2.53061557       14.4845867       14.5799999    
 YES
 Reading: PARCHG.0043.0001.R3
   2.53061557       14.4845867       14.5799999    
 YES
 Reading: PARCHG.0044.0001.R3
   2.53061557       14.4845867       14.5799999    
 YES
 Reading: PARCHG.0027.0001.R3
   0.00000000       9.71720314       14.7200003    
 Reading: PARCHG.0028.0001.R3
   0.00000000       9.71720600       14.7200003    
 Reading: PARCHG.0029.0001.R3
   0.00000000       9.73072243       14.7200003    
 Reading: PARCHG.0030.0001.R3
   0.00000000       9.73072720       14.7200003    
 Reading: PARCHG.0031.0001.R3
   0.00000000       9.73073006       14.7200003    
 Reading: PARCHG.0032.0001.R3
   0.00000000       9.73073387       14.7200003    
 Reading: PARCHG.0033.0001.R3
  0.249567434       14.4845572       14.7200003    
 YES
 Reading: PARCHG.0034.0001.R3
  0.249567434       14.4845572       14.7200003    
 YES
 Reading: PARCHG.0035.0001.R3
  0.249567434       14.4845572       14.7200003    
 YES
 Reading: PARCHG.0036.0001.R3
  0.249573022       14.4845581       14.7200003    
 YES
 Reading: PARCHG.0037.0001.R3
  0.249573022       14.4845581       14.7200003    
 YES
 Reading: PARCHG.0038.0001.R3
  0.249573022       14.4845581       14.7200003    
 YES
 Reading: PARCHG.0039.0001.R3
  0.249741167       14.4845867       14.7200003    
 YES
 Reading: PARCHG.0040.0001.R3
  0.249741167       14.4845867       14.7200003    
 YES
 Reading: PARCHG.0041.0001.R3
  0.249741167       14.4845867       14.7200003    
 YES
 Reading: PARCHG.0042.0001.R3
  0.249741167       14.4845867       14.7200003    
 YES
 Reading: PARCHG.0043.0001.R3
  0.249741167       14.4845867       14.7200003    
 YES
 Reading: PARCHG.0044.0001.R3
  0.249741167       14.4845867       14.7200003    
 YES
 Reading: PARCHG.0027.0001.R3
   0.00000000       9.71720314       14.8600006    
 Reading: PARCHG.0028.0001.R3
   0.00000000       9.71720600       14.8600006    
 Reading: PARCHG.0029.0001.R3
   0.00000000       9.73072243       14.8600006    
 Reading: PARCHG.0030.0001.R3
   0.00000000       9.73072720       14.8600006    
 Reading: PARCHG.0031.0001.R3
   0.00000000       9.73073006       14.8600006    
 Reading: PARCHG.0032.0001.R3
   0.00000000       9.73073387       14.8600006    
 Reading: PARCHG.0033.0001.R3
   3.46777518E-03   14.4845572       14.8600006    
 Reading: PARCHG.0034.0001.R3
   3.46777518E-03   14.4845572       14.8600006    
 Reading: PARCHG.0035.0001.R3
   3.46777518E-03   14.4845572       14.8600006    
 Reading: PARCHG.0036.0001.R3
   3.46789928E-03   14.4845581       14.8600006    
 Reading: PARCHG.0037.0001.R3
   3.46789928E-03   14.4845581       14.8600006    
 Reading: PARCHG.0038.0001.R3
   3.46789928E-03   14.4845581       14.8600006    
 Reading: PARCHG.0039.0001.R3
   3.47162713E-03   14.4845867       14.8600006    
 Reading: PARCHG.0040.0001.R3
   3.47162713E-03   14.4845867       14.8600006    
 Reading: PARCHG.0041.0001.R3
   3.47162713E-03   14.4845867       14.8600006    
 Reading: PARCHG.0042.0001.R3
   3.47162713E-03   14.4845867       14.8600006    
 Reading: PARCHG.0043.0001.R3
   3.47162713E-03   14.4845867       14.8600006    
 Reading: PARCHG.0044.0001.R3
   3.47162713E-03   14.4845867       14.8600006    
 Reading: PARCHG.0027.0001.R3
   0.00000000       9.71720314       15.0000000    
 Reading: PARCHG.0028.0001.R3
   0.00000000       9.71720600       15.0000000    
 Reading: PARCHG.0029.0001.R3
   0.00000000       9.73072243       15.0000000    
 Reading: PARCHG.0030.0001.R3
   0.00000000       9.73072720       15.0000000    
 Reading: PARCHG.0031.0001.R3
   0.00000000       9.73073006       15.0000000    
 Reading: PARCHG.0032.0001.R3
   0.00000000       9.73073387       15.0000000    
 Reading: PARCHG.0033.0001.R3
   6.78756442E-06   14.4845572       15.0000000    
 Reading: PARCHG.0034.0001.R3
   6.78756442E-06   14.4845572       15.0000000    
 Reading: PARCHG.0035.0001.R3
   6.78756442E-06   14.4845572       15.0000000    
 Reading: PARCHG.0036.0001.R3
   6.78789502E-06   14.4845581       15.0000000    
 Reading: PARCHG.0037.0001.R3
   6.78789502E-06   14.4845581       15.0000000    
 Reading: PARCHG.0038.0001.R3
   6.78789502E-06   14.4845581       15.0000000    
 Reading: PARCHG.0039.0001.R3
   6.79790992E-06   14.4845867       15.0000000    
 Reading: PARCHG.0040.0001.R3
   6.79790992E-06   14.4845867       15.0000000    
 Reading: PARCHG.0041.0001.R3
   6.79790992E-06   14.4845867       15.0000000    
 Reading: PARCHG.0042.0001.R3
   6.79790992E-06   14.4845867       15.0000000    
 Reading: PARCHG.0043.0001.R3
   6.79790992E-06   14.4845867       15.0000000    
 Reading: PARCHG.0044.0001.R3
   6.79790992E-06   14.4845867       15.0000000    


 Please cite the following article:

 Normal termination of DensityTool.
 Job starts at : Mon Feb  8 15:13:33 2021
 Job Time =   0.678409994      seconds.
